# JRE version: Java(TM) SE Runtime Environment 18.9 (11.0.11+9) (build 11.0.11+9-LTS-194)
# Java VM: Java HotSpot(TM) 64-Bit Server VM 18.9 (11.0.11+9-LTS-194, mixed mode, tiered, compressed oops, g1 gc, windows-amd64)
Heap:
 garbage-first heap   total 391168K, used 243713K [0x0000000683e00000, 0x0000000800000000)
  region size 1024K, 227 young (232448K), 13 survivors (13312K)
 Metaspace       used 51560K, capacity 53031K, committed 53120K, reserved 1095680K
  class space    used 6163K, capacity 6723K, committed 6784K, reserved 1048576K
GC Heap History (10 events):
Event: 1.156 GC heap after
{Heap after GC invocations=2 (full 0):
 garbage-first heap   total 391168K, used 7595K [0x0000000683e00000, 0x0000000800000000)
  region size 1024K, 5 young (5120K), 5 survivors (5120K)
 Metaspace       used 20593K, capacity 21113K, committed 21248K, reserved 1069056K
  class space    used 2231K, capacity 2440K, committed 2560K, reserved 1048576K
}
Event: 4.226 GC heap before
{Heap before GC invocations=3 (full 0):
 garbage-first heap   total 391168K, used 78251K [0x0000000683e00000, 0x0000000800000000)
  region size 1024K, 74 young (75776K), 5 survivors (5120K)
 Metaspace       used 28127K, capacity 28867K, committed 29184K, reserved 1075200K
  class space    used 3181K, capacity 3476K, committed 3584K, reserved 1048576K
}
Event: 4.232 GC heap after
{Heap after GC invocations=4 (full 0):
 garbage-first heap   total 391168K, used 10987K [0x0000000683e00000, 0x0000000800000000)
  region size 1024K, 9 young (9216K), 9 survivors (9216K)
 Metaspace       used 28127K, capacity 28867K, committed 29184K, reserved 1075200K
  class space    used 3181K, capacity 3476K, committed 3584K, reserved 1048576K
}
Event: 5.167 GC heap before
{Heap before GC invocations=4 (full 0):
 garbage-first heap   total 391168K, used 74475K [0x0000000683e00000, 0x0000000800000000)
  region size 1024K, 72 young (73728K), 9 survivors (9216K)
 Metaspace       used 34903K, capacity 35788K, committed 35840K, reserved 1081344K
  class space    used 4074K, capacity 4436K, committed 4480K, reserved 1048576K
}
Event: 5.177 GC heap after
{Heap after GC invocations=5 (full 0):
 garbage-first heap   total 391168K, used 14513K [0x0000000683e00000, 0x0000000800000000)
  region size 1024K, 9 young (9216K), 9 survivors (9216K)
 Metaspace       used 34903K, capacity 35788K, committed 35840K, reserved 1081344K
  class space    used 4074K, capacity 4436K, committed 4480K, reserved 1048576K
}
Event: 6.533 GC heap before
{Heap before GC invocations=6 (full 0):
 garbage-first heap   total 391168K, used 123057K [0x0000000683e00000, 0x0000000800000000)
  region size 1024K, 115 young (117760K), 9 survivors (9216K)
 Metaspace       used 42640K, capacity 43971K, committed 44288K, reserved 1087488K
  class space    used 5053K, capacity 5568K, committed 5632K, reserved 1048576K
}
Event: 6.542 GC heap after
{Heap after GC invocations=7 (full 0):
 garbage-first heap   total 391168K, used 20432K [0x0000000683e00000, 0x0000000800000000)
  region size 1024K, 13 young (13312K), 13 survivors (13312K)
 Metaspace       used 42640K, capacity 43971K, committed 44288K, reserved 1087488K
  class space    used 5053K, capacity 5568K, committed 5632K, reserved 1048576K
}
Event: 6761.776 GC heap before
{Heap before GC invocations=7 (full 0):
 garbage-first heap   total 391168K, used 200656K [0x0000000683e00000, 0x0000000800000000)
  region size 1024K, 189 young (193536K), 13 survivors (13312K)
 Metaspace       used 50146K, capacity 51575K, committed 51712K, reserved 1093632K
  class space    used 5987K, capacity 6558K, committed 6656K, reserved 1048576K
}
Event: 6761.790 GC heap after
{Heap after GC invocations=8 (full 0):
 garbage-first heap   total 391168K, used 24577K [0x0000000683e00000, 0x0000000800000000)
  region size 1024K, 15 young (15360K), 15 survivors (15360K)
 Metaspace       used 50146K, capacity 51575K, committed 51712K, reserved 1093632K
  class space    used 5987K, capacity 6558K, committed 6656K, reserved 1048576K
}
Event: 17446.273 GC heap before
{Heap before GC invocations=8 (full 0):
 garbage-first heap   total 391168K, used 243713K [0x0000000683e00000, 0x0000000800000000)
  region size 1024K, 229 young (234496K), 15 survivors (15360K)
 Metaspace       used 51560K, capacity 53031K, committed 53120K, reserved 1095680K
  class space    used 6163K, capacity 6723K, committed 6784K, reserved 1048576K
}

